#
# A fatal error has been detected by the Java Runtime Environment:
#
#  EXCEPTION_ACCESS_VIOLATION (0xc0000005) at pc=0x00007ffc0b93e32a, pid=27980, tid=9516
#
# JRE version: OpenJDK Runtime Environment Temurin-17.0.3+7 (17.0.3+7) (build 17.0.3+7)
# Java VM: OpenJDK 64-Bit Server VM Temurin-17.0.3+7 (17.0.3+7, mixed mode, tiered, compressed oops, compressed class ptrs, g1 gc, windows-amd64)
# Problematic frame:
# V  [jvm.dll+0x79e32a]
#
# No core dump will be written. Minidumps are not enabled by default on client versions of Windows
#
# If you would like to submit a bug report, please visit:
#   https://github.com/adoptium/adoptium-support/issues
#

---------------  S U M M A R Y ------------

Command Line: -XX:+ShowCodeDetailsInExceptionMessages -agentlib:jdwp=transport=dt_socket,suspend=y,address=localhost:57945 -javaagent:D:\Kerja\Lawen\installer bootcamp\eclipse-jee-2022-06-R-win32-x86_64\eclipse\configuration\org.eclipse.osgi\407\0\.cp\lib\javaagent-shaded.jar -Dfile.encoding=UTF-8 com.lawencon.community.App

Host: AMD Ryzen 5 3500U with Radeon Vega Mobile Gfx  , 8 cores, 5G,  Windows 11 , 64 bit Build 22621 (10.0.22621.1194)
Time: Fri Mar 17 16:20:49 2023 SE Asia Standard Time elapsed time: 3574.004999 seconds (0d 0h 59m 34s)

---------------  T H R E A D  ---------------

Current thread (0x0000022a49f8bbf0):  JavaThread "JDWP Transport Listener: dt_socket" daemon [_thread_in_vm, id=9516, stack(0x0000008ad6b00000,0x0000008ad6c00000)]

Stack: [0x0000008ad6b00000,0x0000008ad6c00000],  sp=0x0000008ad6bff720,  free space=1021k
Native frames: (J=compiled Java code, j=interpreted, Vv=VM code, C=native code)
V  [jvm.dll+0x79e32a]
V  [jvm.dll+0x5088cc]
V  [jvm.dll+0x4cff34]
C  [jdwp.dll+0x22dff]


siginfo: EXCEPTION_ACCESS_VIOLATION (0xc0000005), reading address 0x0000000000d5008f


Register to memory mapping:

RIP=0x00007ffc0b93e32a jvm.dll
RAX=0x00000000000000d6 is an unknown value
RBX=0x0000022a4938d859 points into unknown readable memory: 69 6c 74 65 72 2f 41
RCX=0x0000000000d5008b is an unknown value
RDX=0x0000022a50af0860 points into unknown readable memory: 0x77616c2f6d6f634c | 4c 63 6f 6d 2f 6c 61 77
RSP=0x0000008ad6bff720 is pointing into the stack for thread: 0x0000022a49f8bbf0
RBP=0x0000022a49f77de0 points into unknown readable memory: 0x0000000000000002 | 02 00 00 00 00 00 00 00
RSI=0x0 is NULL
RDI=0xffffffffffffffff is an unknown value
R8 =0x00000000000000a1 is an unknown value
R9 =0x0000000000000040 is an unknown value
R10=0x0000000000000080 is an unknown value
R11=0x0000008ad6bff740 is pointing into the stack for thread: 0x0000022a49f8bbf0
R12=0x0000008ad6bff878 is pointing into the stack for thread: 0x0000022a49f8bbf0
R13=0x0 is NULL
R14=0x00000001003a4a80 is a pointer to class: 
com.lawencon.community.dao.UserLikeDao {0x00000001003a4a88}
 - instance size:     2
 - klass size:        84
 - access:            public synchronized 
 - state:             fully_initialized
 - name:              'com/lawencon/community/dao/UserLikeDao'
 - super:             'com/lawencon/community/dao/BasePostDao'
 - sub:               'com/lawencon/community/dao/UserLikeDao$$EnhancerBySpringCGLIB$$5f723f7f'   
 - arrays:            NULL
 - methods:           Array<T>(0x0000022a54945168)
 - method ordering:   Array<T>(0x0000022a54945750)
 - default_methods:   Array<T>(0x0000000000000000)
 - local interfaces:  Array<T>(0x0000022a49400058)
 - trans. interfaces: Array<T>(0x0000022a49400058)
 - constants:         constant pool [220] {0x0000022a54abcda8} for 'com/lawencon/community/dao/UserLikeDao' cache=0x0000022a54947be0
 - class loader data:  loader data: 0x0000022a4bbef730 for instance a 'org/springframework/boot/devtools/restart/classloader/RestartClassLoader'{0x00000000a1104150}
 - source file:       'UserLikeDao.java'
 - source debug extension:       SMAP
UserLikeDao.java
Java
*S jdt
*F
1 UserLikeDao.java
2 file:/D:/Kerja/Lawen/Git/communityhub-back-end/community/target/classes/
*L
*E

 - class annotations:       Array<T>(0x0000022a4f7e1920)
 - class type annotations:  Array<T>(0x0000000000000000)
 - field annotations:       Array<T>(0x0000000000000000)
 - field type annotations:  Array<T>(0x0000000000000000)
 - generic signature: '
[error occurred during error reporting (printing register info), id 0xc0000005, EXCEPTION_ACCESS_VIOLATION (0xc0000005) at pc=0x00007ffc0b93ef36]

Registers:
RAX=0x00000000000000d6, RBX=0x0000022a4938d859, RCX=0x0000000000d5008b, RDX=0x0000022a50af0860
RSP=0x0000008ad6bff720, RBP=0x0000022a49f77de0, RSI=0x0000000000000000, RDI=0xffffffffffffffff
R8 =0x00000000000000a1, R9 =0x0000000000000040, R10=0x0000000000000080, R11=0x0000008ad6bff740
R12=0x0000008ad6bff878, R13=0x0000000000000000, R14=0x00000001003a4a80, R15=0x0000008ad6bff8a0
RIP=0x00007ffc0b93e32a, EFLAGS=0x0000000000010202

Top of Stack: (sp=0x0000008ad6bff720)
0x0000008ad6bff720:   0000000000000026 00000001003a4a80
0x0000008ad6bff730:   0000022a506d11f0 00007ffc8a72b1e1
0x0000008ad6bff740:   ffffffffffffffff 00007ffc0b6a88cc
0x0000008ad6bff750:   0000022a4938d859 0000022a4938d830
0x0000008ad6bff760:   0000022a49f77de0 0000000000000000
0x0000008ad6bff770:   0000022a4938d7f0 00000000000003d8
0x0000008ad6bff780:   0000022a4938d800 0000022a4938dbd8
0x0000008ad6bff790:   0000000000014d01 0000008ad6bff878
0x0000008ad6bff7a0:   0000000000000007 0000022a49f8be98
0x0000008ad6bff7b0:   00000000a1d915d0 00007ffc0b66ff34
0x0000008ad6bff7c0:   0000022a49f8bbf0 0000008ad6bff8a0
0x0000008ad6bff7d0:   0000022a2e4eedf0 0000008ad6bff8a0
0x0000008ad6bff7e0:   0000022a49f8bbf0 0000000000000000
0x0000008ad6bff7f0:   0000000000000000 0000000000000000
0x0000008ad6bff800:   0000022a49faa008 00007ffc68db2dff
0x0000008ad6bff810:   0000008ad6bff898 00007ffc68dc1aa0 

Instructions: (pc=0x00007ffc0b93e32a)
0x00007ffc0b93e22a:   48 83 c4 20 5f e9 bc 80 90 ff cc cc cc cc cc cc
0x00007ffc0b93e23a:   cc cc cc cc cc cc 48 89 5c 24 08 57 48 83 ec 20
0x00007ffc0b93e24a:   83 fa 02 8d 42 06 b9 08 00 00 00 49 8b d8 0f 4e
0x00007ffc0b93e25a:   c1 48 63 c8 48 83 c1 07 83 e1 f8 48 63 f9 49 8b
0x00007ffc0b93e26a:   48 18 48 8b c7 48 f7 d0 48 3b c1 73 16 4c 8d 05
0x00007ffc0b93e27a:   4a 50 17 00 48 8b d7 48 8b cb e8 c7 e3 90 ff 48
0x00007ffc0b93e28a:   8b 4b 18 48 8d 04 39 48 3b 43 20 76 18 45 33 c0
0x00007ffc0b93e29a:   48 8b d7 48 8b cb 48 8b 5c 24 30 48 83 c4 20 5f
0x00007ffc0b93e2aa:   e9 21 e0 90 ff 48 89 43 18 48 8b c1 48 8b 5c 24
0x00007ffc0b93e2ba:   30 48 83 c4 20 5f c3 cc cc cc cc cc cc cc cc cc
0x00007ffc0b93e2ca:   cc cc cc cc cc cc 4c 8b d2 4c 8b d9 45 85 c0 7e
0x00007ffc0b93e2da:   3c 44 0f b7 49 04 41 8d 40 ff 41 3b c1 44 0f 4c
0x00007ffc0b93e2ea:   c8 4d 63 c1 45 85 c9 7e 1f 48 8b c2 4c 2b da 49
0x00007ffc0b93e2fa:   8b d0 0f 1f 40 00 41 0f b6 4c 03 06 88 08 48 8d
0x00007ffc0b93e30a:   40 01 48 83 ea 01 75 ee 43 c6 04 10 00 49 8b c2
0x00007ffc0b93e31a:   c3 cc cc cc cc cc 48 89 5c 24 08 57 48 83 ec 20
0x00007ffc0b93e32a:   0f b7 59 04 48 8b f9 33 d2 48 8d 4b 01 e8 a4 dc
0x00007ffc0b93e33a:   f2 ff 0f b7 57 04 4c 8b c0 3b da 0f 42 d3 44 8b
0x00007ffc0b93e34a:   ca 85 d2 74 39 48 2b f8 0f 1f 40 00 66 66 0f 1f
0x00007ffc0b93e35a:   84 00 00 00 00 00 0f b6 4c 07 06 88 08 48 ff c0
0x00007ffc0b93e36a:   48 8b c8 49 2b c8 49 3b c9 7c eb 42 c6 04 02 00
0x00007ffc0b93e37a:   49 8b c0 48 8b 5c 24 30 48 83 c4 20 5f c3 48 8b
0x00007ffc0b93e38a:   5c 24 30 c6 04 02 00 48 83 c4 20 5f c3 cc cc cc
0x00007ffc0b93e39a:   cc cc cc cc cc cc 4c 8b d1 45 85 c0 7e 6c 44 0f
0x00007ffc0b93e3aa:   b7 49 04 41 8d 40 ff 41 3b c1 44 0f 4c c8 4d 63
0x00007ffc0b93e3ba:   d9 45 85 c9 7e 22 48 8b ca 4c 2b d2 4d 8b c3 0f
0x00007ffc0b93e3ca:   1f 80 00 00 00 00 41 0f b6 44 0a 06 88 01 48 8d
0x00007ffc0b93e3da:   49 01 49 83 e8 01 75 ee 41 c6 04 13 00 48 c7 c0
0x00007ffc0b93e3ea:   ff ff ff ff 66 90 48 ff c0 80 3c 02 00 75 f7 48
0x00007ffc0b93e3fa:   63 c8 85 c0 48 8b c2 7e 14 80 38 2f 75 03 c6 00
0x00007ffc0b93e40a:   2e 48 ff c0 48 83 e9 01 75 ef 48 8b c2 c3 cc cc
0x00007ffc0b93e41a:   cc cc cc cc cc cc 48 83 ec 28 e8 f7 fe ff ff 4c 


Stack slot to memory mapping:
stack at sp + 0 slots: 0x0000000000000026 is an unknown value
stack at sp + 1 slots: 0x00000001003a4a80 is a pointer to class: 
com.lawencon.community.dao.UserLikeDao {0x00000001003a4a88}
 - instance size:     2
 - klass size:        84
 - access:            public synchronized 
 - state:             fully_initialized
 - name:              'com/lawencon/community/dao/UserLikeDao'
 - super:             'com/lawencon/community/dao/BasePostDao'
 - sub:               'com/lawencon/community/dao/UserLikeDao$$EnhancerBySpringCGLIB$$5f723f7f'   
 - arrays:            NULL
 - methods:           Array<T>(0x0000022a54945168)
 - method ordering:   Array<T>(0x0000022a54945750)
 - default_methods:   Array<T>(0x0000000000000000)
 - local interfaces:  Array<T>(0x0000022a49400058)
 - trans. interfaces: Array<T>(0x0000022a49400058)
 - constants:         constant pool [220] {0x0000022a54abcda8} for 'com/lawencon/community/dao/UserLikeDao' cache=0x0000022a54947be0
 - class loader data:  loader data: 0x0000022a4bbef730 for instance a 'org/springframework/boot/devtools/restart/classloader/RestartClassLoader'{0x00000000a1104150}
 - source file:       'UserLikeDao.java'
 - source debug extension:       SMAP
UserLikeDao.java
Java
*S jdt
*F
1 UserLikeDao.java
2 file:/D:/Kerja/Lawen/Git/communityhub-back-end/community/target/classes/
*L
*E

 - class annotations:       Array<T>(0x0000022a4f7e1920)
 - class type annotations:  Array<T>(0x0000000000000000)
 - field annotations:       Array<T>(0x0000000000000000)
 - field type annotations:  Array<T>(0x0000000000000000)
 - generic signature: '
[error occurred during error reporting (inspecting top of stack), id 0xc0000005, EXCEPTION_ACCESS_VIOLATION (0xc0000005) at pc=0x00007ffc0b93ef36]


---------------  P R O C E S S  ---------------

Threads class SMR info:
_java_thread_list=0x0000022a4fd14030, length=15, elements={
0x0000022a306c38f0, 0x0000022a4935e020, 0x0000022a4935e9e0, 0x0000022a49d1ad70,
0x0000022a49d1fee0, 0x0000022a49d20890, 0x0000022a49d22180, 0x0000022a49d291d0,
0x0000022a49d2a270, 0x0000022a49d34350, 0x0000022a49e10a40, 0x0000022a49f8bbf0,
0x0000022a49fa8af0, 0x0000022a49fa8fe0, 0x0000022a4a53f080
}

Java Threads: ( => current thread )
  0x0000022a306c38f0 JavaThread "main" [_thread_blocked, id=2144, stack(0x0000008ad5a00000,0x0000008ad5b00000)]
  0x0000022a4935e020 JavaThread "Reference Handler" daemon [_thread_blocked, id=16964, stack(0x0000008ad6100000,0x0000008ad6200000)]
  0x0000022a4935e9e0 JavaThread "Finalizer" daemon [_thread_blocked, id=15888, stack(0x0000008ad6200000,0x0000008ad6300000)]
  0x0000022a49d1ad70 JavaThread "Signal Dispatcher" daemon [_thread_blocked, id=28260, stack(0x0000008ad6300000,0x0000008ad6400000)]
  0x0000022a49d1fee0 JavaThread "Attach Listener" daemon [_thread_blocked, id=1768, stack(0x0000008ad6400000,0x0000008ad6500000)]
  0x0000022a49d20890 JavaThread "Service Thread" daemon [_thread_blocked, id=11628, stack(0x0000008ad6500000,0x0000008ad6600000)]
  0x0000022a49d22180 JavaThread "Monitor Deflation Thread" daemon [_thread_blocked, id=11068, stack(0x0000008ad6600000,0x0000008ad6700000)]
  0x0000022a49d291d0 JavaThread "C2 CompilerThread0" daemon [_thread_blocked, id=26384, stack(0x0000008ad6700000,0x0000008ad6800000)]
  0x0000022a49d2a270 JavaThread "C1 CompilerThread0" daemon [_thread_blocked, id=2552, stack(0x0000008ad6800000,0x0000008ad6900000)]
  0x0000022a49d34350 JavaThread "Sweeper thread" daemon [_thread_blocked, id=14096, stack(0x0000008ad6900000,0x0000008ad6a00000)]
  0x0000022a49e10a40 JavaThread "Common-Cleaner" daemon [_thread_blocked, id=5936, stack(0x0000008ad6a00000,0x0000008ad6b00000)]
=>0x0000022a49f8bbf0 JavaThread "JDWP Transport Listener: dt_socket" daemon [_thread_in_vm, id=9516, stack(0x0000008ad6b00000,0x0000008ad6c00000)]
  0x0000022a49fa8af0 JavaThread "JDWP Event Helper Thread" daemon [_thread_blocked, id=27260, stack(0x0000008ad6c00000,0x0000008ad6d00000)]
  0x0000022a49fa8fe0 JavaThread "JDWP Command Reader" daemon [_thread_in_native, id=26840, stack(0x0000008ad6d00000,0x0000008ad6e00000)]
  0x0000022a4a53f080 JavaThread "Notification Thread" daemon [_thread_blocked, id=11904, stack(0x0000008ad6f00000,0x0000008ad7000000)]

Other Threads:
  0x0000022a49344d60 VMThread "VM Thread" [stack: 0x0000008ad6000000,0x0000008ad6100000] [id=21956]
  0x0000022a4a5287e0 WatcherThread [stack: 0x0000008ad7000000,0x0000008ad7100000] [id=9800]
  0x0000022a3070e1b0 GCTaskThread "GC Thread#0" [stack: 0x0000008ad5b00000,0x0000008ad5c00000] [id=19328]
  0x0000022a4ab3d910 GCTaskThread "GC Thread#1" [stack: 0x0000008ad7100000,0x0000008ad7200000] [id=14592]
  0x0000022a4a841fe0 GCTaskThread "GC Thread#2" [stack: 0x0000008ad7200000,0x0000008ad7300000] [id=19028]
  0x0000022a4ab96d50 GCTaskThread "GC Thread#3" [stack: 0x0000008ad7300000,0x0000008ad7400000] [id=24952]
  0x0000022a4ab97000 GCTaskThread "GC Thread#4" [stack: 0x0000008ad7400000,0x0000008ad7500000] [id=21692]
  0x0000022a4b8f2450 GCTaskThread "GC Thread#5" [stack: 0x0000008ad7500000,0x0000008ad7600000] [id=20124]
  0x0000022a4b8f2700 GCTaskThread "GC Thread#6" [stack: 0x0000008ad7600000,0x0000008ad7700000] [id=11216]
  0x0000022a4ab76130 GCTaskThread "GC Thread#7" [stack: 0x0000008ad7700000,0x0000008ad7800000] [id=19420]
  0x0000022a3071aef0 ConcurrentGCThread "G1 Main Marker" [stack: 0x0000008ad5c00000,0x0000008ad5d00000] [id=3100]
  0x0000022a3071b900 ConcurrentGCThread "G1 Conc#0" [stack: 0x0000008ad5d00000,0x0000008ad5e00000] [id=12248]
  0x0000022a4be4a400 ConcurrentGCThread "G1 Conc#1" [stack: 0x0000008ad7b00000,0x0000008ad7c00000] [id=7892]
  0x0000022a3077dc20 ConcurrentGCThread "G1 Refine#0" [stack: 0x0000008ad5e00000,0x0000008ad5f00000] [id=23788]
  0x0000022a3077e640 ConcurrentGCThread "G1 Service" [stack: 0x0000008ad5f00000,0x0000008ad6000000] [id=27016]

Threads with active compile tasks:

VM state: not at safepoint (normal execution)

VM Mutex/Monitor currently owned by a thread: None

Heap address: 0x00000000a1000000, size: 1520 MB, Compressed Oops mode: 32-bit

CDS archive(s) not mapped
Compressed class space mapped at: 0x0000000100000000-0x0000000140000000, reserved size: 1073741824
Narrow klass base: 0x0000000000000000, Narrow klass shift: 3, Narrow klass range: 0x140000000

GC Precious Log:
 CPUs: 8 total, 8 available
 Memory: 6074M
 Large Page Support: Disabled
 NUMA Support: Disabled
 Compressed Oops: Enabled (32-bit)
 Heap Region Size: 1M
 Heap Min Capacity: 8M
 Heap Initial Capacity: 96M
 Heap Max Capacity: 1520M
 Pre-touch: Disabled
 Parallel Workers: 8
 Concurrent Workers: 2
 Concurrent Refinement Workers: 8
 Periodic GC: Disabled

Heap:
 garbage-first heap   total 79872K, used 40907K [0x00000000a1000000, 0x0000000100000000)
  region size 1024K, 8 young (8192K), 4 survivors (4096K)
 Metaspace       used 68018K, committed 68416K, reserved 1114112K
  class space    used 8472K, committed 8640K, reserved 1048576K

Heap Regions: E=young(eden), S=young(survivor), O=old, HS=humongous(starts), HC=humongous(continues), CS=collection set, F=free, OA=open archive, CA=closed archive, TAMS=top-at-mark-start (previous, next)
|   0|0x00000000a1000000, 0x00000000a1100000, 0x00000000a1100000|100%|HS|  |TAMS 0x00000000a1100000, 0x00000000a1000000| Complete 
|   1|0x00000000a1100000, 0x00000000a1200000, 0x00000000a1200000|100%| O|  |TAMS 0x00000000a1200000, 0x00000000a1100000| Untracked 
|   2|0x00000000a1200000, 0x00000000a1300000, 0x00000000a1300000|100%| O|  |TAMS 0x00000000a1300000, 0x00000000a1200000| Untracked 
|   3|0x00000000a1300000, 0x00000000a1400000, 0x00000000a1400000|100%| O|  |TAMS 0x00000000a1400000, 0x00000000a1300000| Untracked 
|   4|0x00000000a1400000, 0x00000000a1500000, 0x00000000a1500000|100%| O|  |TAMS 0x00000000a1500000, 0x00000000a1400000| Untracked 
|   5|0x00000000a1500000, 0x00000000a1600000, 0x00000000a1600000|100%| O|  |TAMS 0x00000000a1600000, 0x00000000a1500000| Untracked 
|   6|0x00000000a1600000, 0x00000000a1700000, 0x00000000a1700000|100%| O|  |TAMS 0x00000000a1700000, 0x00000000a1600000| Untracked 
|   7|0x00000000a1700000, 0x00000000a1800000, 0x00000000a1800000|100%| O|  |TAMS 0x00000000a1800000, 0x00000000a1700000| Untracked 
|   8|0x00000000a1800000, 0x00000000a1900000, 0x00000000a1900000|100%| O|  |TAMS 0x00000000a1900000, 0x00000000a1800000| Untracked 
|   9|0x00000000a1900000, 0x00000000a1a00000, 0x00000000a1a00000|100%| O|  |TAMS 0x00000000a1a00000, 0x00000000a1900000| Untracked 
|  10|0x00000000a1a00000, 0x00000000a1b00000, 0x00000000a1b00000|100%| O|  |TAMS 0x00000000a1b00000, 0x00000000a1a00000| Untracked 
|  11|0x00000000a1b00000, 0x00000000a1c00000, 0x00000000a1c00000|100%| O|  |TAMS 0x00000000a1c00000, 0x00000000a1b00000| Untracked 
|  12|0x00000000a1c00000, 0x00000000a1d00000, 0x00000000a1d00000|100%| O|  |TAMS 0x00000000a1d00000, 0x00000000a1c00000| Untracked 
|  13|0x00000000a1d00000, 0x00000000a1e00000, 0x00000000a1e00000|100%| O|  |TAMS 0x00000000a1e00000, 0x00000000a1d00000| Untracked 
|  14|0x00000000a1e00000, 0x00000000a1f00000, 0x00000000a1f00000|100%| O|  |TAMS 0x00000000a1f00000, 0x00000000a1e00000| Untracked 
|  15|0x00000000a1f00000, 0x00000000a2000000, 0x00000000a2000000|100%| O|  |TAMS 0x00000000a2000000, 0x00000000a1f00000| Untracked 
|  16|0x00000000a2000000, 0x00000000a2100000, 0x00000000a2100000|100%| O|  |TAMS 0x00000000a2000000, 0x00000000a2000000| Untracked 
|  17|0x00000000a2100000, 0x00000000a2200000, 0x00000000a2200000|100%| O|  |TAMS 0x00000000a2100000, 0x00000000a2100000| Untracked 
|  18|0x00000000a2200000, 0x00000000a2300000, 0x00000000a2300000|100%| O|  |TAMS 0x00000000a2300000, 0x00000000a2200000| Untracked 
|  19|0x00000000a2300000, 0x00000000a2400000, 0x00000000a2400000|100%| O|  |TAMS 0x00000000a2400000, 0x00000000a2300000| Untracked 
|  20|0x00000000a2400000, 0x00000000a2500000, 0x00000000a2500000|100%| O|  |TAMS 0x00000000a2500000, 0x00000000a2400000| Untracked 
|  21|0x00000000a2500000, 0x00000000a2600000, 0x00000000a2600000|100%| O|  |TAMS 0x00000000a2500000, 0x00000000a2500000| Untracked 
|  22|0x00000000a2600000, 0x00000000a2700000, 0x00000000a2700000|100%| O|  |TAMS 0x00000000a2700000, 0x00000000a2600000| Untracked 
|  23|0x00000000a2700000, 0x00000000a2800000, 0x00000000a2800000|100%| O|  |TAMS 0x00000000a2800000, 0x00000000a2700000| Untracked 
|  24|0x00000000a2800000, 0x00000000a2900000, 0x00000000a2900000|100%| O|  |TAMS 0x00000000a2900000, 0x00000000a2800000| Untracked 
|  25|0x00000000a2900000, 0x00000000a2a00000, 0x00000000a2a00000|100%| O|  |TAMS 0x00000000a2a00000, 0x00000000a2900000| Untracked 
|  26|0x00000000a2a00000, 0x00000000a2b00000, 0x00000000a2b00000|100%| O|  |TAMS 0x00000000a2b00000, 0x00000000a2a00000| Untracked 
|  27|0x00000000a2b00000, 0x00000000a2c00000, 0x00000000a2c00000|100%| O|  |TAMS 0x00000000a2b00000, 0x00000000a2b00000| Untracked 
|  28|0x00000000a2c00000, 0x00000000a2d00000, 0x00000000a2d00000|100%| O|  |TAMS 0x00000000a2d00000, 0x00000000a2c00000| Untracked 
|  29|0x00000000a2d00000, 0x00000000a2e00000, 0x00000000a2e00000|100%| O|  |TAMS 0x00000000a2d6d200, 0x00000000a2d00000| Untracked 
|  30|0x00000000a2e00000, 0x00000000a2f00000, 0x00000000a2f00000|100%| O|  |TAMS 0x00000000a2e00000, 0x00000000a2e00000| Untracked 
|  31|0x00000000a2f00000, 0x00000000a3000000, 0x00000000a3000000|100%| O|  |TAMS 0x00000000a2f00000, 0x00000000a2f00000| Untracked 
|  32|0x00000000a3000000, 0x00000000a30cdc00, 0x00000000a3100000| 80%| O|  |TAMS 0x00000000a3000000, 0x00000000a3000000| Untracked 
|  33|0x00000000a3100000, 0x00000000a3100000, 0x00000000a3200000|  0%| F|  |TAMS 0x00000000a3100000, 0x00000000a3100000| Untracked 
|  34|0x00000000a3200000, 0x00000000a3200000, 0x00000000a3300000|  0%| F|  |TAMS 0x00000000a3200000, 0x00000000a3200000| Untracked 
|  35|0x00000000a3300000, 0x00000000a3300000, 0x00000000a3400000|  0%| F|  |TAMS 0x00000000a3300000, 0x00000000a3300000| Untracked 
|  36|0x00000000a3400000, 0x00000000a3400000, 0x00000000a3500000|  0%| F|  |TAMS 0x00000000a3400000, 0x00000000a3400000| Untracked 
|  37|0x00000000a3500000, 0x00000000a3500000, 0x00000000a3600000|  0%| F|  |TAMS 0x00000000a3500000, 0x00000000a3500000| Untracked 
|  38|0x00000000a3600000, 0x00000000a3600000, 0x00000000a3700000|  0%| F|  |TAMS 0x00000000a3600000, 0x00000000a3600000| Untracked 
|  39|0x00000000a3700000, 0x00000000a3700000, 0x00000000a3800000|  0%| F|  |TAMS 0x00000000a3700000, 0x00000000a3700000| Untracked 
|  40|0x00000000a3800000, 0x00000000a3800000, 0x00000000a3900000|  0%| F|  |TAMS 0x00000000a3800000, 0x00000000a3800000| Untracked 
|  41|0x00000000a3900000, 0x00000000a3900000, 0x00000000a3a00000|  0%| F|  |TAMS 0x00000000a3900000, 0x00000000a3900000| Untracked 
|  42|0x00000000a3a00000, 0x00000000a3a25140, 0x00000000a3b00000| 14%| S|CS|TAMS 0x00000000a3a00000, 0x00000000a3a00000| Complete 
|  43|0x00000000a3b00000, 0x00000000a3c00000, 0x00000000a3c00000|100%| S|CS|TAMS 0x00000000a3b00000, 0x00000000a3b00000| Complete 
|  44|0x00000000a3c00000, 0x00000000a3d00000, 0x00000000a3d00000|100%| S|CS|TAMS 0x00000000a3c00000, 0x00000000a3c00000| Complete 
|  45|0x00000000a3d00000, 0x00000000a3d00000, 0x00000000a3e00000|  0%| F|  |TAMS 0x00000000a3d00000, 0x00000000a3d00000| Untracked 
|  46|0x00000000a3e00000, 0x00000000a3f00000, 0x00000000a3f00000|100%| S|CS|TAMS 0x00000000a3e00000, 0x00000000a3e00000| Complete 
|  47|0x00000000a3f00000, 0x00000000a3f00000, 0x00000000a4000000|  0%| F|  |TAMS 0x00000000a3f00000, 0x00000000a3f00000| Untracked 
|  48|0x00000000a4000000, 0x00000000a4000000, 0x00000000a4100000|  0%| F|  |TAMS 0x00000000a4000000, 0x00000000a4000000| Untracked 
|  49|0x00000000a4100000, 0x00000000a4100000, 0x00000000a4200000|  0%| F|  |TAMS 0x00000000a4100000, 0x00000000a4100000| Untracked 
|  50|0x00000000a4200000, 0x00000000a4200000, 0x00000000a4300000|  0%| F|  |TAMS 0x00000000a4200000, 0x00000000a4200000| Untracked 
|  51|0x00000000a4300000, 0x00000000a4300000, 0x00000000a4400000|  0%| F|  |TAMS 0x00000000a4300000, 0x00000000a4300000| Untracked 
|  52|0x00000000a4400000, 0x00000000a4400000, 0x00000000a4500000|  0%| F|  |TAMS 0x00000000a4400000, 0x00000000a4400000| Untracked 
|  53|0x00000000a4500000, 0x00000000a4500000, 0x00000000a4600000|  0%| F|  |TAMS 0x00000000a4500000, 0x00000000a4500000| Untracked 
|  54|0x00000000a4600000, 0x00000000a4600000, 0x00000000a4700000|  0%| F|  |TAMS 0x00000000a4600000, 0x00000000a4600000| Untracked 
|  55|0x00000000a4700000, 0x00000000a4700000, 0x00000000a4800000|  0%| F|  |TAMS 0x00000000a4700000, 0x00000000a4700000| Untracked 
|  56|0x00000000a4800000, 0x00000000a4800000, 0x00000000a4900000|  0%| F|  |TAMS 0x00000000a4800000, 0x00000000a4800000| Untracked 
|  57|0x00000000a4900000, 0x00000000a4900000, 0x00000000a4a00000|  0%| F|  |TAMS 0x00000000a4900000, 0x00000000a4900000| Untracked 
|  58|0x00000000a4a00000, 0x00000000a4a00000, 0x00000000a4b00000|  0%| F|  |TAMS 0x00000000a4a00000, 0x00000000a4a00000| Untracked 
|  59|0x00000000a4b00000, 0x00000000a4b00000, 0x00000000a4c00000|  0%| F|  |TAMS 0x00000000a4b00000, 0x00000000a4b00000| Untracked 
|  60|0x00000000a4c00000, 0x00000000a4c00000, 0x00000000a4d00000|  0%| F|  |TAMS 0x00000000a4c00000, 0x00000000a4c00000| Untracked 
|  61|0x00000000a4d00000, 0x00000000a4d00000, 0x00000000a4e00000|  0%| F|  |TAMS 0x00000000a4d00000, 0x00000000a4d00000| Untracked 
|  62|0x00000000a4e00000, 0x00000000a4e00000, 0x00000000a4f00000|  0%| F|  |TAMS 0x00000000a4e00000, 0x00000000a4e00000| Untracked 
|  63|0x00000000a4f00000, 0x00000000a4f00000, 0x00000000a5000000|  0%| F|  |TAMS 0x00000000a4f00000, 0x00000000a4f00000| Untracked 
|  64|0x00000000a5000000, 0x00000000a5000000, 0x00000000a5100000|  0%| F|  |TAMS 0x00000000a5000000, 0x00000000a5000000| Untracked 
|  65|0x00000000a5100000, 0x00000000a5100000, 0x00000000a5200000|  0%| F|  |TAMS 0x00000000a5100000, 0x00000000a5100000| Untracked 
|  66|0x00000000a5200000, 0x00000000a5200000, 0x00000000a5300000|  0%| F|  |TAMS 0x00000000a5200000, 0x00000000a5200000| Untracked 
|  67|0x00000000a5300000, 0x00000000a5300000, 0x00000000a5400000|  0%| F|  |TAMS 0x00000000a5300000, 0x00000000a5300000| Untracked 
|  68|0x00000000a5400000, 0x00000000a5400000, 0x00000000a5500000|  0%| F|  |TAMS 0x00000000a5400000, 0x00000000a5400000| Untracked 
|  69|0x00000000a5500000, 0x00000000a5500000, 0x00000000a5600000|  0%| F|  |TAMS 0x00000000a5500000, 0x00000000a5500000| Untracked 
|  70|0x00000000a5600000, 0x00000000a5600000, 0x00000000a5700000|  0%| F|  |TAMS 0x00000000a5600000, 0x00000000a5600000| Untracked 
|  71|0x00000000a5700000, 0x00000000a5700000, 0x00000000a5800000|  0%| F|  |TAMS 0x00000000a5700000, 0x00000000a5700000| Untracked 
|  72|0x00000000a5800000, 0x00000000a5800000, 0x00000000a5900000|  0%| F|  |TAMS 0x00000000a5800000, 0x00000000a5800000| Untracked 
|  73|0x00000000a5900000, 0x00000000a5939230, 0x00000000a5a00000| 22%| E|  |TAMS 0x00000000a5900000, 0x00000000a5900000| Complete 
|  74|0x00000000a5a00000, 0x00000000a5b00000, 0x00000000a5b00000|100%| E|CS|TAMS 0x00000000a5a00000, 0x00000000a5a00000| Complete 
|  75|0x00000000a5b00000, 0x00000000a5c00000, 0x00000000a5c00000|100%| E|CS|TAMS 0x00000000a5b00000, 0x00000000a5b00000| Complete 
|  76|0x00000000a5c00000, 0x00000000a5d00000, 0x00000000a5d00000|100%| E|CS|TAMS 0x00000000a5c00000, 0x00000000a5c00000| Complete 
|1519|0x00000000fff00000, 0x0000000100000000, 0x0000000100000000|100%| O|  |TAMS 0x0000000100000000, 0x00000000fff00000| Untracked 

Card table byte_map: [0x0000022a43390000,0x0000022a43690000] _byte_map_base: 0x0000022a42e88000

Marking Bits (Prev, Next): (CMBitMap*) 0x0000022a3070e7c0, (CMBitMap*) 0x0000022a3070e800
 Prev Bits: [0x0000022a43990000, 0x0000022a45150000)
 Next Bits: [0x0000022a45150000, 0x0000022a46910000)

Polling page: 0x0000022a2e620000

Metaspace:

Usage:
  Non-class:     58.15 MB used.
      Class:      8.27 MB used.
       Both:     66.42 MB used.

Virtual space:
  Non-class space:       64.00 MB reserved,      58.38 MB ( 91%) committed,  8 nodes.
      Class space:        1.00 GB reserved,       8.44 MB ( <1%) committed,  1 nodes.
             Both:        1.06 GB reserved,      66.81 MB (  6%) committed. 

Chunk freelists:
   Non-Class:  1.05 MB
       Class:  3.38 MB
        Both:  4.42 MB

MaxMetaspaceSize: unlimited
CompressedClassSpaceSize: 1.00 GB
Initial GC threshold: 21.00 MB
Current GC threshold: 74.06 MB
CDS: off
MetaspaceReclaimPolicy: balanced
 - commit_granule_bytes: 65536.
 - commit_granule_words: 8192.
 - virtual_space_node_default_size: 1048576.
 - enlarge_chunks_in_place: 1.
 - new_chunks_are_fully_committed: 0.
 - uncommit_free_chunks: 1.
 - use_allocation_guard: 0.
 - handle_deallocations: 1.


Internal statistics:

num_allocs_failed_limit: 8.
num_arena_births: 466.
num_arena_deaths: 0.
num_vsnodes_births: 9.
num_vsnodes_deaths: 0.
num_space_committed: 1069.
num_space_uncommitted: 0.
num_chunks_returned_to_freelist: 8.
num_chunks_taken_from_freelist: 2686.
num_chunk_merges: 8.
num_chunk_splits: 1886.
num_chunks_enlarged: 1443.
num_purges: 0.
num_inconsistent_stats: 0.

CodeHeap 'non-profiled nmethods': size=120000Kb used=4937Kb max_used=4937Kb free=115062Kb
 bounds [0x0000022a3b830000, 0x0000022a3bd10000, 0x0000022a42d60000]
CodeHeap 'profiled nmethods': size=120000Kb used=14426Kb max_used=14426Kb free=105573Kb
 bounds [0x0000022a34300000, 0x0000022a35120000, 0x0000022a3b830000]
CodeHeap 'non-nmethods': size=5760Kb used=1353Kb max_used=1426Kb free=4406Kb
 bounds [0x0000022a33d60000, 0x0000022a33fd0000, 0x0000022a34300000]
 total_blobs=7543 nmethods=6940 adapters=514
 compilation: enabled
              stopped_count=0, restarted_count=0
 full_count=0

Compilation events (20 events):
Event: 14.153 Thread 0x0000022a49d2a270 7747       2       java.util.TreeMap::forEach (58 bytes)
Event: 14.153 Thread 0x0000022a49d2a270 nmethod 7747 0x0000022a35113d10 code [0x0000022a35113f00, 0x0000022a351142f8]
Event: 14.153 Thread 0x0000022a49d2a270 7748 %     3       java.util.TreeMap::forEach @ 15 (58 bytes)
Event: 14.154 Thread 0x0000022a49d2a270 nmethod 7748% 0x0000022a35114590 code [0x0000022a351147c0, 0x0000022a35114ef8]
Event: 14.154 Thread 0x0000022a49d2a270 7749       2       org.springframework.boot.autoconfigure.condition.ConditionEvaluationReport$$Lambda$943/0x0000000100893440::accept (16 bytes)
Event: 14.154 Thread 0x0000022a49d2a270 nmethod 7749 0x0000022a35115210 code [0x0000022a351153c0, 0x0000022a351155b8]
Event: 14.154 Thread 0x0000022a49d2a270 7750       2       org.springframework.boot.autoconfigure.condition.ConditionEvaluationReport::lambda$getConditionAndOutcomesBySource$0 (13 bytes)
Event: 14.155 Thread 0x0000022a49d2a270 nmethod 7750 0x0000022a35115710 code [0x0000022a351158c0, 0x0000022a35115a38]
Event: 14.193 Thread 0x0000022a49d2a270 7751       2       org.springframework.core.annotation.AnnotationAwareOrderComparator::findOrderFromAnnotation (63 bytes)
Event: 14.194 Thread 0x0000022a49d2a270 nmethod 7751 0x0000022a35115b10 code [0x0000022a35115d20, 0x0000022a351161c8]
Event: 14.197 Thread 0x0000022a49d2a270 7752       2       ch.qos.logback.core.pattern.DynamicConverter::getFirstOption (35 bytes)
Event: 14.197 Thread 0x0000022a49d2a270 nmethod 7752 0x0000022a35116490 code [0x0000022a35116640, 0x0000022a35116818]
Event: 14.485 Thread 0x0000022a49d291d0 nmethod 7686 0x0000022a3bccaa90 code [0x0000022a3bccb120, 0x0000022a3bcd4188]
Event: 14.485 Thread 0x0000022a49d291d0 7745       4       java.util.TreeMap::successor (66 bytes)
Event: 14.487 Thread 0x0000022a49d291d0 nmethod 7745 0x0000022a3bcd9f10 code [0x0000022a3bcda080, 0x0000022a3bcda158]
Event: 14.487 Thread 0x0000022a49d291d0 7619       4       org.springframework.core.annotation.AnnotationsScanner::process (43 bytes)
Event: 14.577 Thread 0x0000022a4a03fd60 nmethod 7618 0x0000022a3bcda290 code [0x0000022a3bcdab00, 0x0000022a3bce5ae0]
Event: 15.058 Thread 0x0000022a49d291d0 nmethod 7619 0x0000022a3bcf0a10 code [0x0000022a3bcf1320, 0x0000022a3bcfa350]
Event: 2545.050 Thread 0x0000022a49d2a270 7753       3       sun.instrument.InstrumentationImpl::transform (73 bytes)
Event: 2545.129 Thread 0x0000022a49d2a270 


GC Heap History (20 events):
Event: 9.993 GC heap before
{Heap before GC invocations=31 (full 0):
 garbage-first heap   total 66560K, used 51982K [0x00000000a1000000, 0x0000000100000000)
  region size 1024K, 23 young (23552K), 1 survivors (1024K)
 Metaspace       used 50151K, committed 50432K, reserved 1097728K
  class space    used 6067K, committed 6208K, reserved 1048576K
}
Event: 9.995 GC heap after
{Heap after GC invocations=32 (full 0):
 garbage-first heap   total 66560K, used 29844K [0x00000000a1000000, 0x0000000100000000)
  region size 1024K, 2 young (2048K), 2 survivors (2048K)
 Metaspace       used 50151K, committed 50432K, reserved 1097728K
  class space    used 6067K, committed 6208K, reserved 1048576K
}
Event: 10.277 GC heap before
{Heap before GC invocations=32 (full 0):
 garbage-first heap   total 66560K, used 52372K [0x00000000a1000000, 0x0000000100000000)
  region size 1024K, 24 young (24576K), 2 survivors (2048K)
 Metaspace       used 52369K, committed 52736K, reserved 1097728K
  class space    used 6474K, committed 6656K, reserved 1048576K
}
Event: 10.280 GC heap after
{Heap after GC invocations=33 (full 0):
 garbage-first heap   total 66560K, used 30357K [0x00000000a1000000, 0x0000000100000000)
  region size 1024K, 2 young (2048K), 2 survivors (2048K)
 Metaspace       used 52369K, committed 52736K, reserved 1097728K
  class space    used 6474K, committed 6656K, reserved 1048576K
}
Event: 10.646 GC heap before
{Heap before GC invocations=33 (full 0):
 garbage-first heap   total 66560K, used 52885K [0x00000000a1000000, 0x0000000100000000)
  region size 1024K, 25 young (25600K), 2 survivors (2048K)
 Metaspace       used 54668K, committed 55040K, reserved 1097728K
  class space    used 6762K, committed 6912K, reserved 1048576K
}
Event: 10.648 GC heap after
{Heap after GC invocations=34 (full 0):
 garbage-first heap   total 66560K, used 31329K [0x00000000a1000000, 0x0000000100000000)
  region size 1024K, 3 young (3072K), 3 survivors (3072K)
 Metaspace       used 54668K, committed 55040K, reserved 1097728K
  class space    used 6762K, committed 6912K, reserved 1048576K
}
Event: 10.906 GC heap before
{Heap before GC invocations=34 (full 0):
 garbage-first heap   total 66560K, used 52833K [0x00000000a1000000, 0x0000000100000000)
  region size 1024K, 25 young (25600K), 3 survivors (3072K)
 Metaspace       used 56546K, committed 56832K, reserved 1105920K
  class space    used 6969K, committed 7104K, reserved 1048576K
}
Event: 10.910 GC heap after
{Heap after GC invocations=35 (full 0):
 garbage-first heap   total 66560K, used 31825K [0x00000000a1000000, 0x0000000100000000)
  region size 1024K, 3 young (3072K), 3 survivors (3072K)
 Metaspace       used 56546K, committed 56832K, reserved 1105920K
  class space    used 6969K, committed 7104K, reserved 1048576K
}
Event: 11.232 GC heap before
{Heap before GC invocations=35 (full 0):
 garbage-first heap   total 66560K, used 54353K [0x00000000a1000000, 0x0000000100000000)
  region size 1024K, 25 young (25600K), 3 survivors (3072K)
 Metaspace       used 58491K, committed 58816K, reserved 1105920K
  class space    used 7362K, committed 7488K, reserved 1048576K
}
Event: 11.235 GC heap after
{Heap after GC invocations=36 (full 0):
 garbage-first heap   total 79872K, used 32219K [0x00000000a1000000, 0x0000000100000000)
  region size 1024K, 3 young (3072K), 3 survivors (3072K)
 Metaspace       used 58491K, committed 58816K, reserved 1105920K
  class space    used 7362K, committed 7488K, reserved 1048576K
}
Event: 11.608 GC heap before
{Heap before GC invocations=36 (full 0):
 garbage-first heap   total 79872K, used 64987K [0x00000000a1000000, 0x0000000100000000)
  region size 1024K, 35 young (35840K), 3 survivors (3072K)
 Metaspace       used 59372K, committed 59776K, reserved 1105920K
  class space    used 7426K, committed 7616K, reserved 1048576K
}
Event: 11.611 GC heap after
{Heap after GC invocations=37 (full 0):
 garbage-first heap   total 79872K, used 32603K [0x00000000a1000000, 0x0000000100000000)
  region size 1024K, 3 young (3072K), 3 survivors (3072K)
 Metaspace       used 59372K, committed 59776K, reserved 1105920K
  class space    used 7426K, committed 7616K, reserved 1048576K
}
Event: 12.537 GC heap before
{Heap before GC invocations=37 (full 0):
 garbage-first heap   total 79872K, used 66395K [0x00000000a1000000, 0x0000000100000000)
  region size 1024K, 36 young (36864K), 3 survivors (3072K)
 Metaspace       used 61593K, committed 61952K, reserved 1105920K
  class space    used 7718K, committed 7872K, reserved 1048576K
}
Event: 12.541 GC heap after
{Heap after GC invocations=38 (full 0):
 garbage-first heap   total 79872K, used 33793K [0x00000000a1000000, 0x0000000100000000)
  region size 1024K, 4 young (4096K), 4 survivors (4096K)
 Metaspace       used 61593K, committed 61952K, reserved 1105920K
  class space    used 7718K, committed 7872K, reserved 1048576K
}
Event: 13.192 GC heap before
{Heap before GC invocations=38 (full 0):
 garbage-first heap   total 79872K, used 66561K [0x00000000a1000000, 0x0000000100000000)
  region size 1024K, 36 young (36864K), 4 survivors (4096K)
 Metaspace       used 63557K, committed 63872K, reserved 1105920K
  class space    used 7882K, committed 8064K, reserved 1048576K
}
Event: 13.196 GC heap after
{Heap after GC invocations=39 (full 0):
 garbage-first heap   total 79872K, used 35088K [0x00000000a1000000, 0x0000000100000000)
  region size 1024K, 4 young (4096K), 4 survivors (4096K)
 Metaspace       used 63557K, committed 63872K, reserved 1105920K
  class space    used 7882K, committed 8064K, reserved 1048576K
}
Event: 13.640 GC heap before
{Heap before GC invocations=39 (full 0):
 garbage-first heap   total 79872K, used 66832K [0x00000000a1000000, 0x0000000100000000)
  region size 1024K, 35 young (35840K), 4 survivors (4096K)
 Metaspace       used 65680K, committed 66048K, reserved 1114112K
  class space    used 8170K, committed 8384K, reserved 1048576K
}
Event: 13.646 GC heap after
{Heap after GC invocations=40 (full 0):
 garbage-first heap   total 79872K, used 36463K [0x00000000a1000000, 0x0000000100000000)
  region size 1024K, 4 young (4096K), 4 survivors (4096K)
 Metaspace       used 65680K, committed 66048K, reserved 1114112K
  class space    used 8170K, committed 8384K, reserved 1048576K
}
Event: 1973.258 GC heap before
{Heap before GC invocations=40 (full 0):
 garbage-first heap   total 79872K, used 67183K [0x00000000a1000000, 0x0000000100000000)
  region size 1024K, 34 young (34816K), 4 survivors (4096K)
 Metaspace       used 67872K, committed 68224K, reserved 1114112K
  class space    used 8472K, committed 8640K, reserved 1048576K
}
Event: 1973.416 GC heap after
{Heap after GC invocations=41 (full 0):
 garbage-first heap   total 79872K, used 37835K [0x00000000a1000000, 0x0000000100000000)
  region size 1024K, 4 young (4096K), 4 survivors (4096K)
 Metaspace       used 67872K, committed 68224K, reserved 1114112K
  class space    used 8472K, committed 8640K, reserved 1048576K
}

Deoptimization events (20 events):
Event: 14.191 Thread 0x0000022a4b993130 DEOPT PACKING pc=0x0000022a348b0f81 sp=0x0000008ad79fc5e0
Event: 14.191 Thread 0x0000022a4b993130 DEOPT UNPACKING pc=0x0000022a33db2b43 sp=0x0000008ad79fbab8 mode 1
Event: 14.191 Thread 0x0000022a4b993130 DEOPT PACKING pc=0x0000022a3491033c sp=0x0000008ad79fc670
Event: 14.191 Thread 0x0000022a4b993130 DEOPT UNPACKING pc=0x0000022a33db2b43 sp=0x0000008ad79fbc08 mode 1
Event: 14.191 Thread 0x0000022a4b993130 DEOPT PACKING pc=0x0000022a348ae6ec sp=0x0000008ad79fc7c0
Event: 14.191 Thread 0x0000022a4b993130 DEOPT UNPACKING pc=0x0000022a33db2b43 sp=0x0000008ad79fbd80 mode 1
Event: 14.196 Thread 0x0000022a4b993130 DEOPT PACKING pc=0x0000022a348b0f81 sp=0x0000008ad79fd670
Event: 14.196 Thread 0x0000022a4b993130 DEOPT UNPACKING pc=0x0000022a33db2b43 sp=0x0000008ad79fcb48 mode 1
Event: 14.196 Thread 0x0000022a4b993130 DEOPT PACKING pc=0x0000022a3491033c sp=0x0000008ad79fd700
Event: 14.196 Thread 0x0000022a4b993130 DEOPT UNPACKING pc=0x0000022a33db2b43 sp=0x0000008ad79fcc98 mode 1
Event: 14.196 Thread 0x0000022a4b993130 DEOPT PACKING pc=0x0000022a348ae6ec sp=0x0000008ad79fd850
Event: 14.196 Thread 0x0000022a4b993130 DEOPT UNPACKING pc=0x0000022a33db2b43 sp=0x0000008ad79fce10 mode 1
Event: 14.203 Thread 0x0000022a4bb65910 DEOPT PACKING pc=0x0000022a34e9cb44 sp=0x0000008ad78fe3d0
Event: 14.203 Thread 0x0000022a4bb65910 DEOPT UNPACKING pc=0x0000022a33db2b43 sp=0x0000008ad78fd938 mode 1
Event: 14.203 Thread 0x0000022a4bb65910 DEOPT PACKING pc=0x0000022a34e9cb44 sp=0x0000008ad78fe3d0
Event: 14.203 Thread 0x0000022a4bb65910 DEOPT UNPACKING pc=0x0000022a33db2b43 sp=0x0000008ad78fd938 mode 1
Event: 134.775 Thread 0x0000022a49f8bbf0 Uncommon trap: trap_request=0xffffff45 fr.pc=0x0000022a3bcaa520 relative=0x0000000000000b00
Event: 134.775 Thread 0x0000022a49f8bbf0 Uncommon trap: reason=unstable_if action=reinterpret pc=0x0000022a3bcaa520 method=sun.instrument.InstrumentationImpl.transform(Ljava/lang/Module;Ljava/lang/ClassLoader;Ljava/lang/String;Ljava/lang/Class;Ljava/security/ProtectionDomain;[BZ)[B @ 24 c2
Event: 134.775 Thread 0x0000022a49f8bbf0 DEOPT PACKING pc=0x0000022a3bcaa520 sp=0x0000008ad6bfe710
Event: 134.775 Thread 0x0000022a49f8bbf0 DEOPT UNPACKING pc=0x0000022a33db23a3 sp=0x0000008ad6bfe818 mode 2

Classes unloaded (0 events):
No events

Classes redefined (20 events):
Event: 2309.407 Thread 0x0000022a49344d60 redefined class name=com.lawencon.community.service.TransactionService, count=12
Event: 2327.994 Thread 0x0000022a49344d60 redefined class name=com.lawencon.community.service.TransactionService, count=13
Event: 2337.817 Thread 0x0000022a49344d60 redefined class name=com.lawencon.community.service.TransactionService, count=14
Event: 2406.316 Thread 0x0000022a49344d60 redefined class name=com.lawencon.community.service.TransactionService, count=15
Event: 2427.455 Thread 0x0000022a49344d60 redefined class name=com.lawencon.community.service.TransactionService, count=16
Event: 2444.434 Thread 0x0000022a49344d60 redefined class name=com.lawencon.community.service.TransactionService, count=17
Event: 2484.062 Thread 0x0000022a49344d60 redefined class name=com.lawencon.community.service.TransactionService, count=18
Event: 2487.321 Thread 0x0000022a49344d60 redefined class name=com.lawencon.community.service.TransactionService, count=19
Event: 2505.724 Thread 0x0000022a49344d60 redefined class name=com.lawencon.community.service.TransactionService, count=20
Event: 2532.743 Thread 0x0000022a49344d60 redefined class name=com.lawencon.community.service.TransactionService, count=21
Event: 2545.088 Thread 0x0000022a49344d60 redefined class name=com.lawencon.community.service.TransactionService, count=22
Event: 2635.861 Thread 0x0000022a49344d60 redefined class name=com.lawencon.community.service.TransactionService, count=23
Event: 2644.574 Thread 0x0000022a49344d60 redefined class name=com.lawencon.community.service.TransactionService, count=24
Event: 2649.183 Thread 0x0000022a49344d60 redefined class name=com.lawencon.community.service.TransactionService, count=25
Event: 2673.186 Thread 0x0000022a49344d60 redefined class name=com.lawencon.community.service.TransactionService, count=26
Event: 2685.093 Thread 0x0000022a49344d60 redefined class name=com.lawencon.community.service.TransactionService, count=27
Event: 2710.022 Thread 0x0000022a49344d60 redefined class name=com.lawencon.community.service.TransactionService, count=28
Event: 3247.297 Thread 0x0000022a49344d60 redefined class name=com.lawencon.community.service.TransactionService, count=29
Event: 3404.169 Thread 0x0000022a49344d60 redefined class name=com.lawencon.community.service.TransactionService, count=30
Event: 3573.836 Thread 0x0000022a49344d60 redefined class name=com.lawencon.community.service.TransactionService, count=31

Internal exceptions (20 events):
Event: 13.784 Thread 0x0000022a4b993130 Exception <a 'java/lang/NoSuchMethodError'{0x00000000a569d6f8}: 'void java.lang.invoke.DirectMethodHandle$Holder.invokeVirtual(java.lang.Object, java.lang.Object, long)'> (0x00000000a569d6f8) 
thrown [e:\jenkins\tmp\workspace\build\src\src\hotspot\share\interpreter\linkResolver.cpp, line 766]
Event: 13.882 Thread 0x0000022a4b993130 Exception <a 'java/lang/NoSuchMethodError'{0x00000000a4ee93e0}: 'int java.lang.invoke.DirectMethodHandle$Holder.invokeStaticInit(java.lang.Object, java.lang.Object, java.lang.Object, java.lang.Object)'> (0x00000000a4ee93e0) 
thrown [e:\jenkins\tmp\workspace\build\src\src\hotspot\share\interpreter\linkResolver.cpp, line 766]
Event: 13.918 Thread 0x0000022a4b993130 Implicit null exception at 0x0000022a3ba14f3a to 0x0000022a3ba1514c
Event: 13.954 Thread 0x0000022a4b993130 Exception <a 'java/lang/ClassNotFoundException'{0x00000000a4913640}: java/lang/ObjectCustomizer> (0x00000000a4913640) 
thrown [e:\jenkins\tmp\workspace\build\src\src\hotspot\share\classfile\systemDictionary.cpp, line 256]
Event: 13.955 Thread 0x0000022a4b993130 Exception <a 'java/lang/ClassNotFoundException'{0x00000000a491d560}: org/springframework/security/config/annotation/web/configuration/WebSecurityConfigurationCustomizer> (0x00000000a491d560) 
thrown [e:\jenkins\tmp\workspace\build\src\src\hotspot\share\classfile\systemDictionary.cpp, line 256]
Event: 13.956 Thread 0x0000022a4b993130 Exception <a 'java/lang/ClassNotFoundException'{0x00000000a492c220}: org/springframework/context/annotation/ImportAwareCustomizer> (0x00000000a492c220) 
thrown [e:\jenkins\tmp\workspace\build\src\src\hotspot\share\classfile\systemDictionary.cpp, line 256]
Event: 13.957 Thread 0x0000022a4b993130 Exception <a 'java/lang/ClassNotFoundException'{0x00000000a4932a50}: org/springframework/beans/factory/AwareCustomizer> (0x00000000a4932a50) 
thrown [e:\jenkins\tmp\workspace\build\src\src\hotspot\share\classfile\systemDictionary.cpp, line 256]
Event: 13.958 Thread 0x0000022a4b993130 Exception <a 'java/lang/ClassNotFoundException'{0x00000000a4938888}: org/springframework/beans/factory/BeanClassLoaderAwareCustomizer> (0x00000000a4938888) 
thrown [e:\jenkins\tmp\workspace\build\src\src\hotspot\share\classfile\systemDictionary.cpp, line 256]
Event: 13.959 Thread 0x0000022a4b993130 Exception <a 'java/lang/ClassNotFoundException'{0x00000000a493f098}: org/springframework/beans/factory/AwareCustomizer> (0x00000000a493f098) 
thrown [e:\jenkins\tmp\workspace\build\src\src\hotspot\share\classfile\systemDictionary.cpp, line 256]
Event: 14.058 Thread 0x0000022a4b993130 Exception <a 'java/net/BindException'{0x00000000a466fef8}: Address already in use: bind> (0x00000000a466fef8) 
thrown [e:\jenkins\tmp\workspace\build\src\src\hotspot\share\prims\jni.cpp, line 535]
Event: 14.058 Thread 0x0000022a4b993130 Exception <a 'java/net/SocketException'{0x00000000a46705e0}: Socket is not connected: shutdown> (0x00000000a46705e0) 
thrown [e:\jenkins\tmp\workspace\build\src\src\hotspot\share\prims\jni.cpp, line 535]
Event: 14.080 Thread 0x0000022a4b993130 Exception <a 'java/lang/NoSuchMethodError'{0x00000000a4544a68}: 'java.lang.Object java.lang.invoke.DirectMethodHandle$Holder.invokeSpecial(java.lang.Object, java.lang.Object, int, java.lang.Object, int, java.lang.Object)'> (0x00000000a4544a68) 
thrown [e:\jenkins\tmp\workspace\build\src\src\hotspot\share\interpreter\linkResolver.cpp, line 766]
Event: 14.081 Thread 0x0000022a4b993130 Exception <a 'java/lang/NoSuchMethodError'{0x00000000a454cb10}: 'java.lang.Object java.lang.invoke.DirectMethodHandle$Holder.newInvokeSpecial(java.lang.Object, java.lang.Object, int, java.lang.Object, int)'> (0x00000000a454cb10) 
thrown [e:\jenkins\tmp\workspace\build\src\src\hotspot\share\interpreter\linkResolver.cpp, line 766]
Event: 14.082 Thread 0x0000022a4b993130 Exception <a 'java/lang/NoSuchMethodError'{0x00000000a4550c10}: 'java.lang.Object java.lang.invoke.DirectMethodHandle$Holder.invokeSpecial(java.lang.Object, java.lang.Object, java.lang.Object, int, java.lang.Object, int)'> (0x00000000a4550c10) 
thrown [e:\jenkins\tmp\workspace\build\src\src\hotspot\share\interpreter\linkResolver.cpp, line 766]
Event: 14.084 Thread 0x0000022a4b993130 Exception <a 'java/lang/NoSuchMethodError'{0x00000000a455fb00}: 'void java.lang.invoke.DirectMethodHandle$Holder.invokeVirtual(java.lang.Object, java.lang.Object)'> (0x00000000a455fb00) 
thrown [e:\jenkins\tmp\workspace\build\src\src\hotspot\share\interpreter\linkResolver.cpp, line 766]
Event: 14.092 Thread 0x0000022a4b993130 Exception <a 'java/net/BindException'{0x00000000a4578e80}: Address already in use: bind> (0x00000000a4578e80) 
thrown [e:\jenkins\tmp\workspace\build\src\src\hotspot\share\prims\jni.cpp, line 535]
Event: 14.096 Thread 0x0000022a4b891c90 Exception <a 'java/lang/InterruptedException'{0x00000000a4400040}: sleep interrupted> (0x00000000a4400040) 
thrown [e:\jenkins\tmp\workspace\build\src\src\hotspot\share\prims\jvm.cpp, line 3067]
Event: 14.142 Thread 0x0000022a4ffcc010 Exception <a 'java/lang/InterruptedException'{0x00000000a4300040}: sleep interrupted> (0x00000000a4300040) 
thrown [e:\jenkins\tmp\workspace\build\src\src\hotspot\share\prims\jvm.cpp, line 3067]
Event: 14.178 Thread 0x0000022a4b993130 Exception <a 'java/lang/NoClassDefFoundError'{0x00000000a410f268}: liquibase/exception/ChangeLogParseException> (0x00000000a410f268) 
thrown [e:\jenkins\tmp\workspace\build\src\src\hotspot\share\classfile\systemDictionary.cpp, line 245]
Event: 14.198 Thread 0x0000022a4b993130 Exception <a 'java/lang/reflect/InvocationTargetException'{0x00000000a402b758}> (0x00000000a402b758) 
thrown [e:\jenkins\tmp\workspace\build\src\src\hotspot\share\runtime\reflection.cpp, line 1121]

VM Operations (20 events):
Event: 3247.642 Executing VM operation: ChangeBreakpoints
Event: 3247.645 Executing VM operation: ChangeBreakpoints done
Event: 3247.663 Executing VM operation: ChangeBreakpoints
Event: 3247.666 Executing VM operation: ChangeBreakpoints done
Event: 3335.988 Executing VM operation: ChangeBreakpoints
Event: 3335.988 Executing VM operation: ChangeBreakpoints done
Event: 3337.046 Executing VM operation: ChangeBreakpoints
Event: 3337.046 Executing VM operation: ChangeBreakpoints done
Event: 3351.042 Executing VM operation: ChangeBreakpoints
Event: 3351.042 Executing VM operation: ChangeBreakpoints done
Event: 3351.885 Executing VM operation: ChangeBreakpoints
Event: 3351.885 Executing VM operation: ChangeBreakpoints done
Event: 3404.148 Executing VM operation: RedefineClasses
Event: 3404.206 Executing VM operation: RedefineClasses done
Event: 3475.484 Executing VM operation: ChangeBreakpoints
Event: 3475.486 Executing VM operation: ChangeBreakpoints done
Event: 3478.124 Executing VM operation: ChangeBreakpoints
Event: 3478.127 Executing VM operation: ChangeBreakpoints done
Event: 3573.817 Executing VM operation: RedefineClasses
Event: 3573.871 Executing VM operation: RedefineClasses done

Events (20 events):
Event: 14.140 loading class java/beans/WeakIdentityMap done
Event: 14.140 loading class java/beans/ThreadGroupContext$1 done
Event: 14.140 loading class java/beans/WeakIdentityMap$Entry
Event: 14.140 loading class java/beans/WeakIdentityMap$Entry done
Event: 14.141 loading class java/util/WeakHashMap$KeyIterator
Event: 14.141 loading class java/util/WeakHashMap$KeyIterator done
Event: 14.142 Thread 0x0000022a4ffcc010 Thread exited: 0x0000022a4ffcc010
Event: 14.142 loading class javax/management/ObjectName$PatternProperty
Event: 14.142 loading class javax/management/ObjectName$PatternProperty done
Event: 14.143 Thread 0x0000022a4ffcc4e0 Thread exited: 0x0000022a4ffcc4e0
Event: 14.143 Thread 0x0000022a4ffcb1a0 Thread exited: 0x0000022a4ffcb1a0
Event: 14.199 Thread 0x0000022a4b993130 Thread exited: 0x0000022a4b993130
Event: 14.201 loading class java/util/stream/LongStream
Event: 14.202 loading class java/util/stream/LongStream done
Event: 14.202 loading class java/util/function/ToDoubleFunction
Event: 14.202 loading class java/util/function/ToDoubleFunction done
Event: 14.202 loading class java/util/stream/DoubleStream
Event: 14.203 loading class java/util/stream/DoubleStream done
Event: 14.203 Thread 0x0000022a4bb65910 Thread exited: 0x0000022a4bb65910
Event: 19.594 Thread 0x0000022a4a03fd60 Thread exited: 0x0000022a4a03fd60


Dynamic libraries:
0x00007ff767560000 - 0x00007ff76756e000 	D:\Kerja\Lawen\installer bootcamp\eclipse-jee-2022-06-R-win32-x86_64\eclipse\plugins\org.eclipse.justj.openjdk.hotspot.jre.full.win32.x86_64_17.0.3.v20220515-1416\jre\bin\javaw.exe
0x00007ffc8a6f0000 - 0x00007ffc8a904000 	C:\WINDOWS\SYSTEM32\ntdll.dll
0x00007ffc89260000 - 0x00007ffc89323000 	C:\WINDOWS\System32\KERNEL32.DLL
0x00007ffc87bd0000 - 0x00007ffc87f6c000 	C:\WINDOWS\System32\KERNELBASE.dll
0x00007ffc88010000 - 0x00007ffc88121000 	C:\WINDOWS\System32\ucrtbase.dll
0x00007ffc69970000 - 0x00007ffc69989000 	D:\Kerja\Lawen\installer bootcamp\eclipse-jee-2022-06-R-win32-x86_64\eclipse\plugins\org.eclipse.justj.openjdk.hotspot.jre.full.win32.x86_64_17.0.3.v20220515-1416\jre\bin\VCRUNTIME140.dll
0x00007ffc85990000 - 0x00007ffc859a8000 	D:\Kerja\Lawen\installer bootcamp\eclipse-jee-2022-06-R-win32-x86_64\eclipse\plugins\org.eclipse.justj.openjdk.hotspot.jre.full.win32.x86_64_17.0.3.v20220515-1416\jre\bin\jli.dll
0x00007ffc88670000 - 0x00007ffc8881d000 	C:\WINDOWS\System32\USER32.dll
0x00007ffc87fe0000 - 0x00007ffc88006000 	C:\WINDOWS\System32\win32u.dll
0x00007ffc6c190000 - 0x00007ffc6c41e000 	C:\WINDOWS\WinSxS\amd64_microsoft.windows.common-controls_6595b64144ccf1df_6.0.22621.608_none_a9444ca7c10bb01d\COMCTL32.dll
0x00007ffc893e0000 - 0x00007ffc89409000 	C:\WINDOWS\System32\GDI32.dll
0x00007ffc88320000 - 0x00007ffc88432000 	C:\WINDOWS\System32\gdi32full.dll
0x00007ffc89330000 - 0x00007ffc893d7000 	C:\WINDOWS\System32\msvcrt.dll
0x00007ffc87b30000 - 0x00007ffc87bca000 	C:\WINDOWS\System32\msvcp_win.dll
0x00007ffc891e0000 - 0x00007ffc89212000 	C:\WINDOWS\System32\IMM32.DLL
0x00007ffc820f0000 - 0x00007ffc820fc000 	D:\Kerja\Lawen\installer bootcamp\eclipse-jee-2022-06-R-win32-x86_64\eclipse\plugins\org.eclipse.justj.openjdk.hotspot.jre.full.win32.x86_64_17.0.3.v20220515-1416\jre\bin\vcruntime140_1.dll
0x00007ffc52070000 - 0x00007ffc52101000 	D:\Kerja\Lawen\installer bootcamp\eclipse-jee-2022-06-R-win32-x86_64\eclipse\plugins\org.eclipse.justj.openjdk.hotspot.jre.full.win32.x86_64_17.0.3.v20220515-1416\jre\bin\msvcp140.dll
0x00007ffc0b1a0000 - 0x00007ffc0bde8000 	D:\Kerja\Lawen\installer bootcamp\eclipse-jee-2022-06-R-win32-x86_64\eclipse\plugins\org.eclipse.justj.openjdk.hotspot.jre.full.win32.x86_64_17.0.3.v20220515-1416\jre\bin\server\jvm.dll
0x00007ffc89ac0000 - 0x00007ffc89b6e000 	C:\WINDOWS\System32\ADVAPI32.dll
0x00007ffc89130000 - 0x00007ffc891d4000 	C:\WINDOWS\System32\sechost.dll
0x00007ffc88820000 - 0x00007ffc88935000 	C:\WINDOWS\System32\RPCRT4.dll
0x00007ffc89250000 - 0x00007ffc89258000 	C:\WINDOWS\System32\PSAPI.DLL
0x00007ffc6e260000 - 0x00007ffc6e269000 	C:\WINDOWS\SYSTEM32\WSOCK32.dll
0x00007ffc7f600000 - 0x00007ffc7f60a000 	C:\WINDOWS\SYSTEM32\VERSION.dll
0x00007ffc89410000 - 0x00007ffc89481000 	C:\WINDOWS\System32\WS2_32.dll
0x00007ffc810a0000 - 0x00007ffc810d4000 	C:\WINDOWS\SYSTEM32\WINMM.dll
0x00007ffc86b80000 - 0x00007ffc86b98000 	C:\WINDOWS\SYSTEM32\kernel.appcore.dll
0x00007ffc842d0000 - 0x00007ffc842da000 	D:\Kerja\Lawen\installer bootcamp\eclipse-jee-2022-06-R-win32-x86_64\eclipse\plugins\org.eclipse.justj.openjdk.hotspot.jre.full.win32.x86_64_17.0.3.v20220515-1416\jre\bin\jimage.dll
0x00007ffc84820000 - 0x00007ffc84a4e000 	C:\WINDOWS\SYSTEM32\DBGHELP.DLL
0x00007ffc89730000 - 0x00007ffc89aba000 	C:\WINDOWS\System32\combase.dll
0x00007ffc89b70000 - 0x00007ffc89c47000 	C:\WINDOWS\System32\OLEAUT32.dll
0x00007ffc6da30000 - 0x00007ffc6da62000 	C:\WINDOWS\SYSTEM32\dbgcore.DLL
0x00007ffc882a0000 - 0x00007ffc8831b000 	C:\WINDOWS\System32\bcryptPrimitives.dll
0x00007ffc68d90000 - 0x00007ffc68dcb000 	D:\Kerja\Lawen\installer bootcamp\eclipse-jee-2022-06-R-win32-x86_64\eclipse\plugins\org.eclipse.justj.openjdk.hotspot.jre.full.win32.x86_64_17.0.3.v20220515-1416\jre\bin\jdwp.dll
0x00007ffc81ff0000 - 0x00007ffc81ffe000 	D:\Kerja\Lawen\installer bootcamp\eclipse-jee-2022-06-R-win32-x86_64\eclipse\plugins\org.eclipse.justj.openjdk.hotspot.jre.full.win32.x86_64_17.0.3.v20220515-1416\jre\bin\instrument.dll
0x00007ffc78e50000 - 0x00007ffc78e75000 	D:\Kerja\Lawen\installer bootcamp\eclipse-jee-2022-06-R-win32-x86_64\eclipse\plugins\org.eclipse.justj.openjdk.hotspot.jre.full.win32.x86_64_17.0.3.v20220515-1416\jre\bin\java.dll
0x00007ffc82240000 - 0x00007ffc82258000 	D:\Kerja\Lawen\installer bootcamp\eclipse-jee-2022-06-R-win32-x86_64\eclipse\plugins\org.eclipse.justj.openjdk.hotspot.jre.full.win32.x86_64_17.0.3.v20220515-1416\jre\bin\zip.dll
0x00007ffc88940000 - 0x00007ffc8912f000 	C:\WINDOWS\System32\SHELL32.dll
0x00007ffc85b50000 - 0x00007ffc86418000 	C:\WINDOWS\SYSTEM32\windows.storage.dll
0x00007ffc85a10000 - 0x00007ffc85b4e000 	C:\WINDOWS\SYSTEM32\wintypes.dll
0x00007ffc89c50000 - 0x00007ffc89d41000 	C:\WINDOWS\System32\SHCORE.dll
0x00007ffc88570000 - 0x00007ffc885ce000 	C:\WINDOWS\System32\shlwapi.dll
0x00007ffc87a60000 - 0x00007ffc87a81000 	C:\WINDOWS\SYSTEM32\profapi.dll
0x00007ffc7a7e0000 - 0x00007ffc7a7ec000 	D:\Kerja\Lawen\installer bootcamp\eclipse-jee-2022-06-R-win32-x86_64\eclipse\plugins\org.eclipse.justj.openjdk.hotspot.jre.full.win32.x86_64_17.0.3.v20220515-1416\jre\bin\dt_socket.dll
0x00007ffc866b0000 - 0x00007ffc866dd000 	C:\WINDOWS\SYSTEM32\IPHLPAPI.DLL
0x00007ffc86ff0000 - 0x00007ffc87059000 	C:\WINDOWS\system32\mswsock.dll
0x00007ffc86730000 - 0x00007ffc86823000 	C:\WINDOWS\SYSTEM32\DNSAPI.dll
0x00007ffc885d0000 - 0x00007ffc885d9000 	C:\WINDOWS\System32\NSI.dll
0x00007ffc79f10000 - 0x00007ffc79f1a000 	C:\Windows\System32\rasadhlp.dll
0x00007ffc7fe60000 - 0x00007ffc7fee3000 	C:\WINDOWS\System32\fwpuclnt.dll
0x00007ffc81e50000 - 0x00007ffc81e69000 	D:\Kerja\Lawen\installer bootcamp\eclipse-jee-2022-06-R-win32-x86_64\eclipse\plugins\org.eclipse.justj.openjdk.hotspot.jre.full.win32.x86_64_17.0.3.v20220515-1416\jre\bin\net.dll
0x00007ffc80ec0000 - 0x00007ffc80fef000 	C:\WINDOWS\SYSTEM32\WINHTTP.dll
0x00007ffc78e30000 - 0x00007ffc78e45000 	D:\Kerja\Lawen\installer bootcamp\eclipse-jee-2022-06-R-win32-x86_64\eclipse\plugins\org.eclipse.justj.openjdk.hotspot.jre.full.win32.x86_64_17.0.3.v20220515-1416\jre\bin\nio.dll
0x00007ffc78360000 - 0x00007ffc78370000 	D:\Kerja\Lawen\installer bootcamp\eclipse-jee-2022-06-R-win32-x86_64\eclipse\plugins\org.eclipse.justj.openjdk.hotspot.jre.full.win32.x86_64_17.0.3.v20220515-1416\jre\bin\verify.dll
0x00007ffc842c0000 - 0x00007ffc842c9000 	D:\Kerja\Lawen\installer bootcamp\eclipse-jee-2022-06-R-win32-x86_64\eclipse\plugins\org.eclipse.justj.openjdk.hotspot.jre.full.win32.x86_64_17.0.3.v20220515-1416\jre\bin\management.dll
0x00007ffc78db0000 - 0x00007ffc78dbb000 	D:\Kerja\Lawen\installer bootcamp\eclipse-jee-2022-06-R-win32-x86_64\eclipse\plugins\org.eclipse.justj.openjdk.hotspot.jre.full.win32.x86_64_17.0.3.v20220515-1416\jre\bin\management_ext.dll
0x00007ffc40830000 - 0x00007ffc40847000 	C:\WINDOWS\system32\napinsp.dll
0x00007ffc40810000 - 0x00007ffc4082b000 	C:\WINDOWS\system32\pnrpnsp.dll
0x00007ffc407f0000 - 0x00007ffc40801000 	C:\WINDOWS\System32\winrnr.dll
0x00007ffc603c0000 - 0x00007ffc603d5000 	C:\WINDOWS\system32\wshbth.dll
0x00007ffc407c0000 - 0x00007ffc407e1000 	C:\WINDOWS\system32\nlansp_c.dll
0x00007ffc87240000 - 0x00007ffc8725b000 	C:\WINDOWS\SYSTEM32\CRYPTSP.dll
0x00007ffc86af0000 - 0x00007ffc86b25000 	C:\WINDOWS\system32\rsaenh.dll
0x00007ffc870e0000 - 0x00007ffc87108000 	C:\WINDOWS\SYSTEM32\USERENV.dll
0x00007ffc87400000 - 0x00007ffc87428000 	C:\WINDOWS\SYSTEM32\bcrypt.dll
0x00007ffc87260000 - 0x00007ffc8726c000 	C:\WINDOWS\SYSTEM32\CRYPTBASE.dll
0x00007ffc81930000 - 0x00007ffc81949000 	C:\WINDOWS\SYSTEM32\dhcpcsvc6.DLL
0x00007ffc80dd0000 - 0x00007ffc80def000 	C:\WINDOWS\SYSTEM32\dhcpcsvc.DLL
0x00007ffc820e0000 - 0x00007ffc820ee000 	D:\Kerja\Lawen\installer bootcamp\eclipse-jee-2022-06-R-win32-x86_64\eclipse\plugins\org.eclipse.justj.openjdk.hotspot.jre.full.win32.x86_64_17.0.3.v20220515-1416\jre\bin\sunmscapi.dll
0x00007ffc88130000 - 0x00007ffc88296000 	C:\WINDOWS\System32\CRYPT32.dll
0x00007ffc873d0000 - 0x00007ffc873fd000 	C:\WINDOWS\SYSTEM32\ncrypt.dll
0x00007ffc87390000 - 0x00007ffc873c7000 	C:\WINDOWS\SYSTEM32\NTASN1.dll

dbghelp: loaded successfully - version: 4.0.5 - missing functions: none
symbol engine: initialized successfully - sym options: 0x614 - pdb path: .;D:\Kerja\Lawen\installer bootcamp\eclipse-jee-2022-06-R-win32-x86_64\eclipse\plugins\org.eclipse.justj.openjdk.hotspot.jre.full.win32.x86_64_17.0.3.v20220515-1416\jre\bin;C:\WINDOWS\SYSTEM32;C:\WINDOWS\WinSxS\amd64_microsoft.windows.common-controls_6595b64144ccf1df_6.0.22621.608_none_a9444ca7c10bb01d;D:\Kerja\Lawen\installer bootcamp\eclipse-jee-2022-06-R-win32-x86_64\eclipse\plugins\org.eclipse.justj.openjdk.hotspot.jre.full.win32.x86_64_17.0.3.v20220515-1416\jre\bin\server

VM Arguments:
jvm_args: -XX:+ShowCodeDetailsInExceptionMessages -agentlib:jdwp=transport=dt_socket,suspend=y,address=localhost:57945 -javaagent:D:\Kerja\Lawen\installer bootcamp\eclipse-jee-2022-06-R-win32-x86_64\eclipse\configuration\org.eclipse.osgi\407\0\.cp\lib\javaagent-shaded.jar -Dfile.encoding=UTF-8 
java_command: com.lawencon.community.App
java_class_path (initial): D:\Kerja\Lawen\Git\communityhub-back-end\community\target\classes;C:\Users\Acer\.m2\repository\org\springframework\boot\spring-boot-devtools\2.7.9\spring-boot-devtools-2.7.9.jar;C:\Users\Acer\.m2\repository\org\springframework\boot\spring-boot\2.7.9\spring-boot-2.7.9.jar;C:\Users\Acer\.m2\repository\org\springframework\spring-context\5.3.25\spring-context-5.3.25.jar;C:\Users\Acer\.m2\repository\org\springframework\boot\spring-boot-autoconfigure\2.7.9\spring-boot-autoconfigure-2.7.9.jar;C:\Users\Acer\.m2\repository\org\springframework\boot\spring-boot-starter-data-jpa\2.7.9\spring-boot-starter-data-jpa-2.7.9.jar;C:\Users\Acer\.m2\repository\org\springframework\boot\spring-boot-starter-aop\2.7.9\spring-boot-starter-aop-2.7.9.jar;C:\Users\Acer\.m2\repository\org\aspectj\aspectjweaver\1.9.7\aspectjweaver-1.9.7.jar;C:\Users\Acer\.m2\repository\org\springframework\boot\spring-boot-starter-jdbc\2.7.9\spring-boot-starter-jdbc-2.7.9.jar;C:\Users\Acer\.m2\repository\com\zaxxer\HikariCP\4.0.3\HikariCP-4.0.3.jar;C:\Users\Acer\.m2\repository\org\springframework\spring-jdbc\5.3.25\spring-jdbc-5.3.25.jar;C:\Users\Acer\.m2\repository\jakarta\transaction\jakarta.transaction-api\1.3.3\jakarta.transaction-api-1.3.3.jar;C:\Users\Acer\.m2\repository\jakarta\persistence\jakarta.persistence-api\2.2.3\jakarta.persistence-api-2.2.3.jar;C:\Users\Acer\.m2\repository\org\hibernate\hibernate-core\5.6.15.Final\hibernate-core-5.6.15.Final.jar;C:\Users\Acer\.m2\repository\org\jboss\logging\jboss-logging\3.4.3.Final\jboss-logging-3.4.3.Final.jar;C:\Users\Acer\.m2\repository\net\bytebuddy\byte-buddy\1.12.23\byte-buddy-1.12.23.jar;C:\Users\Acer\.m2\repository\antlr\antlr\2.7.7\antlr-2.7.7.jar;C:\Users\Acer\.m2\repository\org\jboss\jandex\2.4.2.Final\jandex-2.4.2.Final.jar;C:\Users\Acer\.m2\repository\com\fasterxml\classmate\1.5.1\classmate-1.5.1.jar;C:\Users\Acer\.m2\repository\org\hibernate\common\hibernate-commons-annotations\5.1.2.Final\hibernate-commons-annotations-5.
Launcher Type: SUN_STANDARD

[Global flags]
     intx CICompilerCount                          = 4                                         {product} {ergonomic}
     uint ConcGCThreads                            = 2                                         {product} {ergonomic}
     uint G1ConcRefinementThreads                  = 8                                         {product} {ergonomic}
   size_t G1HeapRegionSize                         = 1048576                                   {product} {ergonomic}
    uintx GCDrainStackTargetSize                   = 64                                        {product} {ergonomic}
   size_t InitialHeapSize                          = 100663296                                 {product} {ergonomic}
   size_t MarkStackSize                            = 4194304                                   {product} {ergonomic}
   size_t MaxHeapSize                              = 1593835520                                {product} {ergonomic}
   size_t MaxNewSize                               = 956301312                                 {product} {ergonomic}
   size_t MinHeapDeltaBytes                        = 1048576                                   {product} {ergonomic}
   size_t MinHeapSize                              = 8388608                                   {product} {ergonomic}
    uintx NonNMethodCodeHeapSize                   = 5839372                                {pd product} {ergonomic}
    uintx NonProfiledCodeHeapSize                  = 122909434                              {pd product} {ergonomic}
    uintx ProfiledCodeHeapSize                     = 122909434                              {pd product} {ergonomic}
    uintx ReservedCodeCacheSize                    = 251658240                              {pd product} {ergonomic}
     bool SegmentedCodeCache                       = true                                      {product} {ergonomic}
     bool ShowCodeDetailsInExceptionMessages       = true                                   {manageable} {command line}
   size_t SoftMaxHeapSize                          = 1593835520                             {manageable} {ergonomic}
     bool UseCompressedClassPointers               = true                           {product lp64_product} {ergonomic}
     bool UseCompressedOops                        = true                           {product lp64_product} {ergonomic}
     bool UseG1GC                                  = true                                      {product} {ergonomic}
     bool UseLargePagesIndividualAllocation        = false                                  {pd product} {ergonomic}

Logging:
Log output configuration:
 #0: stdout all=warning uptime,level,tags
 #1: stderr all=off uptime,level,tags

Environment Variables:
JAVA_HOME=D:\Kerja\Lawen\installer bootcamp\openjdk-11.0.2_windows-x64_bin\jdk-11.0.2
PATH=D:\Kerja\Lawen\installer bootcamp\eclipse-jee-2022-06-R-win32-x86_64\eclipse\plugins\org.eclipse.justj.openjdk.hotspot.jre.full.win32.x86_64_17.0.3.v20220515-1416\jre\bin;D:/Kerja/Lawen/installer bootcamp/eclipse-jee-2022-06-R-win32-x86_64/eclipse//plugins/org.eclipse.justj.openjdk.hotspot.jre.full.win32.x86_64_17.0.3.v20220515-1416/jre/bin/server;D:/Kerja/Lawen/installer bootcamp/eclipse-jee-2022-06-R-win32-x86_64/eclipse//plugins/org.eclipse.justj.openjdk.hotspot.jre.full.win32.x86_64_17.0.3.v20220515-1416/jre/bin;C:\WINDOWS\system32;C:\WINDOWS;C:\WINDOWS\System32\Wbem;C:\WINDOWS\System32\WindowsPowerShell\v1.0\;C:\WINDOWS\System32\OpenSSH\;C:\Strawberry\c\bin;C:\Strawberry\perl\site\bin;C:\Strawberry\perl\bin;C:\Program Files\Microsoft SQL Server\Client SDK\ODBC\170\Tools\Binn\;C:\Program Files (x86)\Microsoft SQL Server\150\Tools\Binn\;C:\Program Files\Microsoft SQL Server\150\Tools\Binn\;C:\Program Files\Microsoft SQL Server\150\DTS\Binn\;C:\Program Files (x86)\Microsoft SQL Server\150\DTS\Binn\;C:\Program Files\Azure Data Studio\bin;C:\ProgramData\chocolatey\bin;C:\Program Files\Git\cmd;C:\Program Files\nodejs\;D:\Kerja\Lawen\installer bootcamp\openjdk-11.0.2_windows-x64_bin\jdk-11.0.2\bin;C:\Users\Acer\AppData\Local\Programs\Python\Python310\Scripts\;C:\Users\Acer\AppData\Local\Programs\Python\Python310\;C:\Users\Acer\AppData\Local\Microsoft\WindowsApps;C:\Program Files\Azure Data Studio\bin;C:\Users\Acer\AppData\Local\Programs\Microsoft VS Code\bin;C:\Program Files (x86)\EShare\;C:\Users\Acer\AppData\Roaming\npm;;D:\Kerja\Lawen\installer bootcamp\eclipse-jee-2022-06-R-win32-x86_64\eclipse;
USERNAME=Acer
OS=Windows_NT
PROCESSOR_IDENTIFIER=AMD64 Family 23 Model 24 Stepping 1, AuthenticAMD



---------------  S Y S T E M  ---------------

OS:
 Windows 11 , 64 bit Build 22621 (10.0.22621.1194)
OS uptime: 18 days 21:02 hours

CPU: total 8 (initial active 8) (8 cores per cpu, 2 threads per core) family 23 model 24 stepping 1 microcode 0x0, cx8, cmov, fxsr, ht, mmx, 3dnowpref, sse, sse2, sse3, ssse3, sse4a, sse4.1, sse4.2, popcnt, lzcnt, tsc, tscinvbit, avx, avx2, aes, clmul, bmi1, bmi2, adx, sha, fma, vzeroupper, clflush, clflushopt

Memory: 4k page, system-wide physical 6074M (398M free)
TotalPageFile size 22290M (AvailPageFile size 4481M)
current process WorkingSet (physical memory assigned to process): 115M, peak: 300M
current process commit charge ("private bytes"): 281M, peak: 332M

vm_info: OpenJDK 64-Bit Server VM (17.0.3+7) for windows-amd64 JRE (17.0.3+7), built on Apr 19 2022 16:55:35 by "" with MS VC++ 16.7 (VS2019)

END.
